[debug] [2024-12-27T00:09:05.828Z] ----------------------------------------------------------------------
[debug] [2024-12-27T00:09:05.831Z] Command:       C:\Program Files\nodejs\node.exe C:\Users\Dell\AppData\Roaming\npm\node_modules\firebase-tools\lib\bin\firebase.js init functions
[debug] [2024-12-27T00:09:05.831Z] CLI Version:   13.29.1
[debug] [2024-12-27T00:09:05.831Z] Platform:      win32
[debug] [2024-12-27T00:09:05.831Z] Node Version:  v18.17.1
[debug] [2024-12-27T00:09:05.832Z] Time:          Fri Dec 27 2024 05:09:05 GMT+0500 (Pakistan Standard Time)
[debug] [2024-12-27T00:09:05.833Z] ----------------------------------------------------------------------
[debug] 
[debug] [2024-12-27T00:09:05.842Z] > command requires scopes: ["email","openid","https://www.googleapis.com/auth/cloudplatformprojects.readonly","https://www.googleapis.com/auth/firebase","https://www.googleapis.com/auth/cloud-platform"]
[debug] [2024-12-27T00:09:05.843Z] > authorizing via signed-in user (skillerz590@gmail.com)
[info] 
     ######## #### ########  ######## ########     ###     ######  ########
     ##        ##  ##     ## ##       ##     ##  ##   ##  ##       ##
     ######    ##  ########  ######   ########  #########  ######  ######
     ##        ##  ##    ##  ##       ##     ## ##     ##       ## ##
     ##       #### ##     ## ######## ########  ##     ##  ######  ########

You're about to initialize a Firebase project in this directory:

  E:\Football\Football-Trainer-portfolio

[info] 
=== Project Setup
[info] 
[info] First, let's associate this project directory with a Firebase project.
[info] You can create multiple project aliases by running firebase use --add, 
[info] but for now we'll just set up a default project.
[info] 
[debug] [2024-12-27T00:09:35.715Z] Checked if tokens are valid: true, expires at: 1735261724659
[debug] [2024-12-27T00:09:35.715Z] Checked if tokens are valid: true, expires at: 1735261724659
[debug] [2024-12-27T00:09:35.719Z] >>> [apiv2][query] GET https://firebase.googleapis.com/v1beta1/projects pageSize=100
[debug] [2024-12-27T00:09:36.550Z] <<< [apiv2][status] GET https://firebase.googleapis.com/v1beta1/projects 200
[debug] [2024-12-27T00:09:36.551Z] <<< [apiv2][body] GET https://firebase.googleapis.com/v1beta1/projects [omitted]
[info] i  Using project football-participants (Football-Participants) 
[info] 
=== Functions Setup
[debug] [2024-12-27T00:09:41.681Z] > command requires scopes: ["email","openid","https://www.googleapis.com/auth/cloudplatformprojects.readonly","https://www.googleapis.com/auth/firebase","https://www.googleapis.com/auth/cloud-platform"]
[debug] [2024-12-27T00:09:41.681Z] > authorizing via signed-in user (skillerz590@gmail.com)
[debug] [2024-12-27T00:09:41.682Z] [iam] checking project football-participants for permissions ["firebase.projects.get"]
[debug] [2024-12-27T00:09:41.682Z] Checked if tokens are valid: true, expires at: 1735261724659
[debug] [2024-12-27T00:09:41.683Z] Checked if tokens are valid: true, expires at: 1735261724659
[debug] [2024-12-27T00:09:41.683Z] >>> [apiv2][query] POST https://cloudresourcemanager.googleapis.com/v1/projects/football-participants:testIamPermissions [none]
[debug] [2024-12-27T00:09:41.683Z] >>> [apiv2][(partial)header] POST https://cloudresourcemanager.googleapis.com/v1/projects/football-participants:testIamPermissions x-goog-quota-user=projects/football-participants
[debug] [2024-12-27T00:09:41.683Z] >>> [apiv2][body] POST https://cloudresourcemanager.googleapis.com/v1/projects/football-participants:testIamPermissions {"permissions":["firebase.projects.get"]}
[debug] [2024-12-27T00:09:43.122Z] <<< [apiv2][status] POST https://cloudresourcemanager.googleapis.com/v1/projects/football-participants:testIamPermissions 200
[debug] [2024-12-27T00:09:43.123Z] <<< [apiv2][body] POST https://cloudresourcemanager.googleapis.com/v1/projects/football-participants:testIamPermissions {"permissions":["firebase.projects.get"]}
[debug] [2024-12-27T00:09:43.125Z] Checked if tokens are valid: true, expires at: 1735261724659
[debug] [2024-12-27T00:09:43.125Z] Checked if tokens are valid: true, expires at: 1735261724659
[debug] [2024-12-27T00:09:43.126Z] Checked if tokens are valid: true, expires at: 1735261724659
[debug] [2024-12-27T00:09:43.126Z] Checked if tokens are valid: true, expires at: 1735261724659
[debug] [2024-12-27T00:09:43.127Z] >>> [apiv2][query] GET https://serviceusage.googleapis.com/v1/projects/football-participants/services/cloudfunctions.googleapis.com [none]
[debug] [2024-12-27T00:09:43.127Z] >>> [apiv2][(partial)header] GET https://serviceusage.googleapis.com/v1/projects/football-participants/services/cloudfunctions.googleapis.com x-goog-quota-user=projects/football-participants
[debug] [2024-12-27T00:09:43.133Z] >>> [apiv2][query] GET https://serviceusage.googleapis.com/v1/projects/football-participants/services/runtimeconfig.googleapis.com [none]
[debug] [2024-12-27T00:09:43.133Z] >>> [apiv2][(partial)header] GET https://serviceusage.googleapis.com/v1/projects/football-participants/services/runtimeconfig.googleapis.com x-goog-quota-user=projects/football-participants
[debug] [2024-12-27T00:09:44.959Z] <<< [apiv2][status] GET https://serviceusage.googleapis.com/v1/projects/football-participants/services/runtimeconfig.googleapis.com 200
[debug] [2024-12-27T00:09:44.959Z] <<< [apiv2][body] GET https://serviceusage.googleapis.com/v1/projects/football-participants/services/runtimeconfig.googleapis.com [omitted]
[debug] [2024-12-27T00:09:44.976Z] <<< [apiv2][status] GET https://serviceusage.googleapis.com/v1/projects/football-participants/services/cloudfunctions.googleapis.com 200
[debug] [2024-12-27T00:09:44.977Z] <<< [apiv2][body] GET https://serviceusage.googleapis.com/v1/projects/football-participants/services/cloudfunctions.googleapis.com [omitted]
[debug] [2024-12-27T00:09:44.978Z] Checked if tokens are valid: true, expires at: 1735261724659
[debug] [2024-12-27T00:09:44.978Z] Checked if tokens are valid: true, expires at: 1735261724659
[debug] [2024-12-27T00:09:44.979Z] >>> [apiv2][query] POST https://serviceusage.googleapis.com/v1/projects/football-participants/services/cloudfunctions.googleapis.com:enable [none]
[debug] [2024-12-27T00:09:44.979Z] >>> [apiv2][(partial)header] POST https://serviceusage.googleapis.com/v1/projects/football-participants/services/cloudfunctions.googleapis.com:enable x-goog-quota-user=projects/football-participants
[debug] [2024-12-27T00:09:46.792Z] <<< [apiv2][status] POST https://serviceusage.googleapis.com/v1/projects/football-participants/services/cloudfunctions.googleapis.com:enable 200
[debug] [2024-12-27T00:09:46.793Z] <<< [apiv2][body] POST https://serviceusage.googleapis.com/v1/projects/football-participants/services/cloudfunctions.googleapis.com:enable [omitted]
[debug] [2024-12-27T00:09:56.807Z] Checked if tokens are valid: true, expires at: 1735261724659
[debug] [2024-12-27T00:09:56.808Z] Checked if tokens are valid: true, expires at: 1735261724659
[debug] [2024-12-27T00:09:56.808Z] >>> [apiv2][query] GET https://serviceusage.googleapis.com/v1/projects/football-participants/services/cloudfunctions.googleapis.com [none]
[debug] [2024-12-27T00:09:56.808Z] >>> [apiv2][(partial)header] GET https://serviceusage.googleapis.com/v1/projects/football-participants/services/cloudfunctions.googleapis.com x-goog-quota-user=projects/football-participants
[debug] [2024-12-27T00:09:58.610Z] <<< [apiv2][status] GET https://serviceusage.googleapis.com/v1/projects/football-participants/services/cloudfunctions.googleapis.com 200
[debug] [2024-12-27T00:09:58.610Z] <<< [apiv2][body] GET https://serviceusage.googleapis.com/v1/projects/football-participants/services/cloudfunctions.googleapis.com [omitted]
[info] Let's create a new codebase for your functions.
[info] A directory corresponding to the codebase will be created in your project
[info] with sample code pre-configured.

[info] See https://firebase.google.com/docs/functions/organize-functions for
[info] more information on organizing your functions using codebases.

[info] Functions can be deployed with firebase deploy.

